<?xml version="1.0" encoding="UTF-8"?>
<coverage generated="1729711594381" clover="3.2.0">
  <project timestamp="1729711594381" name="All files">
    <metrics statements="110" coveredstatements="49" conditionals="32" coveredconditionals="16" methods="25" coveredmethods="10" elements="167" coveredelements="75" complexity="0" loc="110" ncloc="110" packages="1" files="1" classes="1"/>
    <file name="CarritoDetalle.js" path="C:\Users\Jeckito Pay\Documents\Casadelmaricoweb\WebMariscoProyecto\src\components\Productos\CarritoDetalle.js">
      <metrics statements="110" coveredstatements="49" conditionals="32" coveredconditionals="16" methods="25" coveredmethods="10"/>
      <line num="6" count="2" type="stmt"/>
      <line num="7" count="2" type="stmt"/>
      <line num="9" count="2" type="stmt"/>
      <line num="10" count="6" type="stmt"/>
      <line num="11" count="6" type="stmt"/>
      <line num="12" count="5" type="stmt"/>
      <line num="13" count="5" type="stmt"/>
      <line num="14" count="5" type="stmt"/>
      <line num="15" count="5" type="stmt"/>
      <line num="17" count="5" type="stmt"/>
      <line num="19" count="5" type="stmt"/>
      <line num="20" count="1" type="cond" truecount="3" falsecount="1"/>
      <line num="23" count="5" type="stmt"/>
      <line num="25" count="1" type="stmt"/>
      <line num="26" count="1" type="stmt"/>
      <line num="32" count="1" type="stmt"/>
      <line num="33" count="1" type="cond" truecount="1" falsecount="1"/>
      <line num="34" count="1" type="stmt"/>
      <line num="35" count="1" type="stmt"/>
      <line num="37" count="0" type="stmt"/>
      <line num="38" count="0" type="stmt"/>
      <line num="42" count="0" type="stmt"/>
      <line num="44" count="1" type="stmt"/>
      <line num="49" count="5" type="stmt"/>
      <line num="50" count="0" type="stmt"/>
      <line num="51" count="0" type="stmt"/>
      <line num="52" count="0" type="stmt"/>
      <line num="54" count="0" type="stmt"/>
      <line num="61" count="0" type="stmt"/>
      <line num="63" count="0" type="stmt"/>
      <line num="64" count="0" type="cond" truecount="0" falsecount="2"/>
      <line num="65" count="0" type="stmt"/>
      <line num="67" count="0" type="stmt"/>
      <line num="72" count="0" type="stmt"/>
      <line num="73" count="0" type="stmt"/>
      <line num="82" count="5" type="stmt"/>
      <line num="83" count="0" type="stmt"/>
      <line num="84" count="0" type="stmt"/>
      <line num="85" count="0" type="stmt"/>
      <line num="86" count="0" type="stmt"/>
      <line num="88" count="0" type="stmt"/>
      <line num="95" count="0" type="stmt"/>
      <line num="97" count="0" type="stmt"/>
      <line num="98" count="0" type="cond" truecount="0" falsecount="2"/>
      <line num="99" count="0" type="stmt"/>
      <line num="101" count="0" type="stmt"/>
      <line num="106" count="0" type="stmt"/>
      <line num="107" count="0" type="stmt"/>
      <line num="116" count="5" type="stmt"/>
      <line num="117" count="1" type="stmt"/>
      <line num="119" count="1" type="cond" truecount="1" falsecount="1"/>
      <line num="120" count="1" type="stmt"/>
      <line num="121" count="1" type="stmt"/>
      <line num="127" count="1" type="stmt"/>
      <line num="129" count="1" type="cond" truecount="1" falsecount="1"/>
      <line num="130" count="1" type="stmt"/>
      <line num="132" count="0" type="stmt"/>
      <line num="135" count="0" type="stmt"/>
      <line num="137" count="1" type="stmt"/>
      <line num="140" count="0" type="stmt"/>
      <line num="145" count="5" type="stmt"/>
      <line num="146" count="0" type="stmt"/>
      <line num="147" count="0" type="stmt"/>
      <line num="148" count="0" type="stmt"/>
      <line num="149" count="0" type="stmt"/>
      <line num="151" count="0" type="cond" truecount="0" falsecount="4"/>
      <line num="152" count="0" type="stmt"/>
      <line num="153" count="0" type="stmt"/>
      <line num="156" count="0" type="stmt"/>
      <line num="168" count="5" type="stmt"/>
      <line num="169" count="0" type="stmt"/>
      <line num="171" count="0" type="stmt"/>
      <line num="172" count="0" type="stmt"/>
      <line num="173" count="0" type="stmt"/>
      <line num="174" count="0" type="stmt"/>
      <line num="175" count="0" type="stmt"/>
      <line num="176" count="0" type="stmt"/>
      <line num="177" count="0" type="stmt"/>
      <line num="184" count="0" type="stmt"/>
      <line num="185" count="0" type="stmt"/>
      <line num="186" count="0" type="cond" truecount="0" falsecount="2"/>
      <line num="187" count="0" type="stmt"/>
      <line num="188" count="0" type="stmt"/>
      <line num="190" count="0" type="stmt"/>
      <line num="196" count="0" type="stmt"/>
      <line num="198" count="0" type="stmt"/>
      <line num="206" count="0" type="stmt"/>
      <line num="207" count="0" type="stmt"/>
      <line num="208" count="0" type="stmt"/>
      <line num="213" count="5" type="stmt"/>
      <line num="214" count="17" type="cond" truecount="4" falsecount="0"/>
      <line num="216" count="40" type="stmt"/>
      <line num="217" count="10" type="stmt"/>
      <line num="218" count="10" type="stmt"/>
      <line num="219" count="10" type="stmt"/>
      <line num="221" count="10" type="stmt"/>
      <line num="230" count="5" type="stmt"/>
      <line num="231" count="1" type="stmt"/>
      <line num="232" count="1" type="stmt"/>
      <line num="236" count="5" type="stmt"/>
      <line num="237" count="2" type="stmt"/>
      <line num="238" count="2" type="stmt"/>
      <line num="242" count="5" type="stmt"/>
      <line num="259" count="12" type="stmt"/>
      <line num="272" count="0" type="stmt"/>
      <line num="283" count="0" type="stmt"/>
      <line num="302" count="0" type="stmt"/>
      <line num="305" count="37" type="stmt"/>
      <line num="340" count="0" type="stmt"/>
      <line num="341" count="0" type="stmt"/>
    </file>
  </project>
</coverage>
