<?xml version="1.0" encoding="UTF-8"?>
<coverage generated="1729616225328" clover="3.2.0">
  <project timestamp="1729616225328" name="All files">
    <metrics statements="8" coveredstatements="8" conditionals="4" coveredconditionals="2" methods="5" coveredmethods="5" elements="17" coveredelements="15" complexity="0" loc="8" ncloc="8" packages="3" files="3" classes="3"/>
    <package name="src">
      <metrics statements="1" coveredstatements="1" conditionals="0" coveredconditionals="0" methods="1" coveredmethods="1"/>
      <file name="App.js" path="C:\Users\Jeckito Pay\Documents\Casadelmaricoweb\WebMariscoProyecto\src\App.js">
        <metrics statements="1" coveredstatements="1" conditionals="0" coveredconditionals="0" methods="1" coveredmethods="1"/>
        <line num="49" count="1" type="stmt"/>
      </file>
    </package>
    <package name="src.components.ComponentesClave">
      <metrics statements="4" coveredstatements="4" conditionals="4" coveredconditionals="2" methods="2" coveredmethods="2"/>
      <file name="FotterNuevo.jsx" path="C:\Users\Jeckito Pay\Documents\Casadelmaricoweb\WebMariscoProyecto\src\components\ComponentesClave\FotterNuevo.jsx">
        <metrics statements="4" coveredstatements="4" conditionals="4" coveredconditionals="2" methods="2" coveredmethods="2"/>
        <line num="7" count="1" type="stmt"/>
        <line num="14" count="1" type="stmt"/>
        <line num="15" count="1" type="stmt"/>
        <line num="73" count="4" type="stmt"/>
      </file>
    </package>
    <package name="src.components.Inicio">
      <metrics statements="3" coveredstatements="3" conditionals="0" coveredconditionals="0" methods="2" coveredmethods="2"/>
      <file name="Example.js" path="C:\Users\Jeckito Pay\Documents\Casadelmaricoweb\WebMariscoProyecto\src\components\Inicio\Example.js">
        <metrics statements="3" coveredstatements="3" conditionals="0" coveredconditionals="0" methods="2" coveredmethods="2"/>
        <line num="3" count="1" type="stmt"/>
        <line num="59" count="1" type="stmt"/>
        <line num="68" count="3" type="stmt"/>
      </file>
    </package>
  </project>
</coverage>
