{"C:\\Users\\Jeckito Pay\\Documents\\Casadelmaricoweb\\WebMariscoProyecto\\src\\components\\Productos\\CarritoDetalle.js": {"path":"C:\\Users\\Jeckito Pay\\Documents\\Casadelmaricoweb\\WebMariscoProyecto\\src\\components\\Productos\\CarritoDetalle.js","statementMap":{"0":{"start":{"line":6,"column":21},"end":{"line":6,"column":79}},"1":{"start":{"line":7,"column":18},"end":{"line":7,"column":49}},"2":{"start":{"line":9,"column":23},"end":{"line":353,"column":1}},"3":{"start":{"line":10,"column":19},"end":{"line":10,"column":28}},"4":{"start":{"line":11,"column":34},"end":{"line":11,"column":48}},"5":{"start":{"line":12,"column":32},"end":{"line":12,"column":44}},"6":{"start":{"line":13,"column":38},"end":{"line":13,"column":48}},"7":{"start":{"line":14,"column":26},"end":{"line":14,"column":38}},"8":{"start":{"line":15,"column":33},"end":{"line":15,"column":43}},"9":{"start":{"line":17,"column":18},"end":{"line":17,"column":66}},"10":{"start":{"line":19,"column":27},"end":{"line":21,"column":3}},"11":{"start":{"line":20,"column":4},"end":{"line":20,"column":58}},"12":{"start":{"line":23,"column":29},"end":{"line":47,"column":3}},"13":{"start":{"line":25,"column":4},"end":{"line":45,"column":5}},"14":{"start":{"line":26,"column":23},"end":{"line":31,"column":7}},"15":{"start":{"line":32,"column":19},"end":{"line":32,"column":40}},"16":{"start":{"line":33,"column":6},"end":{"line":39,"column":7}},"17":{"start":{"line":34,"column":8},"end":{"line":34,"column":29}},"18":{"start":{"line":35,"column":8},"end":{"line":35,"column":52}},"19":{"start":{"line":37,"column":8},"end":{"line":37,"column":70}},"20":{"start":{"line":38,"column":8},"end":{"line":38,"column":27}},"21":{"start":{"line":42,"column":6},"end":{"line":42,"column":62}},"22":{"start":{"line":44,"column":6},"end":{"line":44,"column":24}},"23":{"start":{"line":49,"column":27},"end":{"line":80,"column":3}},"24":{"start":{"line":50,"column":17},"end":{"line":50,"column":31}},"25":{"start":{"line":51,"column":4},"end":{"line":51,"column":43}},"26":{"start":{"line":52,"column":4},"end":{"line":52,"column":49}},"27":{"start":{"line":54,"column":4},"end":{"line":78,"column":9}},"28":{"start":{"line":61,"column":19},"end":{"line":61,"column":29}},"29":{"start":{"line":63,"column":6},"end":{"line":63,"column":25}},"30":{"start":{"line":64,"column":6},"end":{"line":69,"column":7}},"31":{"start":{"line":65,"column":8},"end":{"line":65,"column":33}},"32":{"start":{"line":67,"column":8},"end":{"line":67,"column":70}},"33":{"start":{"line":72,"column":10},"end":{"line":72,"column":66}},"34":{"start":{"line":73,"column":10},"end":{"line":77,"column":13}},"35":{"start":{"line":82,"column":29},"end":{"line":114,"column":3}},"36":{"start":{"line":83,"column":17},"end":{"line":83,"column":31}},"37":{"start":{"line":84,"column":4},"end":{"line":84,"column":43}},"38":{"start":{"line":85,"column":4},"end":{"line":85,"column":58}},"39":{"start":{"line":86,"column":4},"end":{"line":86,"column":74}},"40":{"start":{"line":88,"column":4},"end":{"line":112,"column":9}},"41":{"start":{"line":95,"column":19},"end":{"line":95,"column":29}},"42":{"start":{"line":97,"column":6},"end":{"line":97,"column":25}},"43":{"start":{"line":98,"column":6},"end":{"line":103,"column":7}},"44":{"start":{"line":99,"column":8},"end":{"line":99,"column":33}},"45":{"start":{"line":101,"column":8},"end":{"line":101,"column":70}},"46":{"start":{"line":106,"column":10},"end":{"line":106,"column":66}},"47":{"start":{"line":107,"column":10},"end":{"line":111,"column":13}},"48":{"start":{"line":116,"column":33},"end":{"line":142,"column":3}},"49":{"start":{"line":117,"column":15},"end":{"line":117,"column":37}},"50":{"start":{"line":119,"column":4},"end":{"line":141,"column":5}},"51":{"start":{"line":120,"column":6},"end":{"line":138,"column":7}},"52":{"start":{"line":121,"column":25},"end":{"line":126,"column":9}},"53":{"start":{"line":127,"column":21},"end":{"line":127,"column":42}},"54":{"start":{"line":129,"column":8},"end":{"line":133,"column":9}},"55":{"start":{"line":130,"column":10},"end":{"line":130,"column":27}},"56":{"start":{"line":132,"column":10},"end":{"line":132,"column":72}},"57":{"start":{"line":135,"column":8},"end":{"line":135,"column":64}},"58":{"start":{"line":137,"column":8},"end":{"line":137,"column":26}},"59":{"start":{"line":140,"column":6},"end":{"line":140,"column":24}},"60":{"start":{"line":145,"column":22},"end":{"line":166,"column":3}},"61":{"start":{"line":146,"column":4},"end":{"line":146,"column":26}},"62":{"start":{"line":147,"column":4},"end":{"line":147,"column":42}},"63":{"start":{"line":148,"column":19},"end":{"line":148,"column":36}},"64":{"start":{"line":149,"column":4},"end":{"line":149,"column":43}},"65":{"start":{"line":151,"column":4},"end":{"line":154,"column":5}},"66":{"start":{"line":152,"column":6},"end":{"line":152,"column":47}},"67":{"start":{"line":153,"column":6},"end":{"line":153,"column":40}},"68":{"start":{"line":156,"column":4},"end":{"line":165,"column":7}},"69":{"start":{"line":168,"column":20},"end":{"line":210,"column":3}},"70":{"start":{"line":169,"column":4},"end":{"line":209,"column":5}},"71":{"start":{"line":171,"column":18},"end":{"line":171,"column":32}},"72":{"start":{"line":172,"column":6},"end":{"line":172,"column":33}},"73":{"start":{"line":173,"column":6},"end":{"line":173,"column":45}},"74":{"start":{"line":174,"column":6},"end":{"line":174,"column":48}},"75":{"start":{"line":175,"column":6},"end":{"line":175,"column":32}},"76":{"start":{"line":176,"column":6},"end":{"line":176,"column":42}},"77":{"start":{"line":177,"column":23},"end":{"line":183,"column":7}},"78":{"start":{"line":184,"column":21},"end":{"line":184,"column":42}},"79":{"start":{"line":185,"column":6},"end":{"line":185,"column":26}},"80":{"start":{"line":186,"column":6},"end":{"line":203,"column":7}},"81":{"start":{"line":187,"column":22},"end":{"line":187,"column":51}},"82":{"start":{"line":188,"column":8},"end":{"line":188,"column":47}},"83":{"start":{"line":190,"column":8},"end":{"line":194,"column":11}},"84":{"start":{"line":196,"column":8},"end":{"line":196,"column":21}},"85":{"start":{"line":198,"column":8},"end":{"line":202,"column":9}},"86":{"start":{"line":206,"column":6},"end":{"line":206,"column":58}},"87":{"start":{"line":207,"column":6},"end":{"line":207,"column":60}},"88":{"start":{"line":208,"column":6},"end":{"line":208,"column":18}},"89":{"start":{"line":213,"column":24},"end":{"line":227,"column":3}},"90":{"start":{"line":214,"column":4},"end":{"line":214,"column":51}},"91":{"start":{"line":214,"column":42},"end":{"line":214,"column":51}},"92":{"start":{"line":216,"column":21},"end":{"line":216,"column":72}},"93":{"start":{"line":216,"column":51},"end":{"line":216,"column":68}},"94":{"start":{"line":217,"column":16},"end":{"line":217,"column":31}},"95":{"start":{"line":218,"column":18},"end":{"line":218,"column":19}},"96":{"start":{"line":219,"column":18},"end":{"line":219,"column":40}},"97":{"start":{"line":221,"column":4},"end":{"line":226,"column":6}},"98":{"start":{"line":230,"column":2},"end":{"line":234,"column":9}},"99":{"start":{"line":231,"column":4},"end":{"line":231,"column":29}},"100":{"start":{"line":232,"column":4},"end":{"line":232,"column":25}},"101":{"start":{"line":236,"column":2},"end":{"line":239,"column":16}},"102":{"start":{"line":237,"column":20},"end":{"line":237,"column":35}},"103":{"start":{"line":238,"column":4},"end":{"line":238,"column":40}},"104":{"start":{"line":242,"column":2},"end":{"line":352,"column":4}},"105":{"start":{"line":259,"column":16},"end":{"line":293,"column":22}},"106":{"start":{"line":272,"column":74},"end":{"line":272,"column":105}},"107":{"start":{"line":283,"column":74},"end":{"line":283,"column":103}},"108":{"start":{"line":302,"column":37},"end":{"line":302,"column":65}},"109":{"start":{"line":305,"column":18},"end":{"line":307,"column":27}},"110":{"start":{"line":340,"column":50},"end":{"line":340,"column":76}},"111":{"start":{"line":341,"column":48},"end":{"line":341,"column":72}}},"fnMap":{"0":{"name":"(anonymous_0)","decl":{"start":{"line":9,"column":23},"end":{"line":9,"column":24}},"loc":{"start":{"line":9,"column":29},"end":{"line":353,"column":1}},"line":9},"1":{"name":"(anonymous_1)","decl":{"start":{"line":19,"column":27},"end":{"line":19,"column":28}},"loc":{"start":{"line":19,"column":37},"end":{"line":21,"column":3}},"line":19},"2":{"name":"(anonymous_2)","decl":{"start":{"line":23,"column":29},"end":{"line":23,"column":30}},"loc":{"start":{"line":23,"column":41},"end":{"line":47,"column":3}},"line":23},"3":{"name":"(anonymous_3)","decl":{"start":{"line":49,"column":27},"end":{"line":49,"column":28}},"loc":{"start":{"line":49,"column":47},"end":{"line":80,"column":3}},"line":49},"4":{"name":"(anonymous_4)","decl":{"start":{"line":61,"column":10},"end":{"line":61,"column":11}},"loc":{"start":{"line":61,"column":19},"end":{"line":61,"column":29}},"line":61},"5":{"name":"(anonymous_5)","decl":{"start":{"line":62,"column":10},"end":{"line":62,"column":11}},"loc":{"start":{"line":62,"column":22},"end":{"line":70,"column":7}},"line":62},"6":{"name":"(anonymous_6)","decl":{"start":{"line":71,"column":13},"end":{"line":71,"column":14}},"loc":{"start":{"line":71,"column":24},"end":{"line":78,"column":7}},"line":71},"7":{"name":"(anonymous_7)","decl":{"start":{"line":82,"column":29},"end":{"line":82,"column":30}},"loc":{"start":{"line":82,"column":52},"end":{"line":114,"column":3}},"line":82},"8":{"name":"(anonymous_8)","decl":{"start":{"line":95,"column":10},"end":{"line":95,"column":11}},"loc":{"start":{"line":95,"column":19},"end":{"line":95,"column":29}},"line":95},"9":{"name":"(anonymous_9)","decl":{"start":{"line":96,"column":10},"end":{"line":96,"column":11}},"loc":{"start":{"line":96,"column":22},"end":{"line":104,"column":7}},"line":96},"10":{"name":"(anonymous_10)","decl":{"start":{"line":105,"column":13},"end":{"line":105,"column":14}},"loc":{"start":{"line":105,"column":24},"end":{"line":112,"column":7}},"line":105},"11":{"name":"(anonymous_11)","decl":{"start":{"line":116,"column":33},"end":{"line":116,"column":34}},"loc":{"start":{"line":116,"column":45},"end":{"line":142,"column":3}},"line":116},"12":{"name":"(anonymous_12)","decl":{"start":{"line":145,"column":22},"end":{"line":145,"column":23}},"loc":{"start":{"line":145,"column":41},"end":{"line":166,"column":3}},"line":145},"13":{"name":"(anonymous_13)","decl":{"start":{"line":168,"column":20},"end":{"line":168,"column":21}},"loc":{"start":{"line":168,"column":45},"end":{"line":210,"column":3}},"line":168},"14":{"name":"(anonymous_14)","decl":{"start":{"line":213,"column":24},"end":{"line":213,"column":25}},"loc":{"start":{"line":213,"column":30},"end":{"line":227,"column":3}},"line":213},"15":{"name":"(anonymous_15)","decl":{"start":{"line":216,"column":36},"end":{"line":216,"column":37}},"loc":{"start":{"line":216,"column":51},"end":{"line":216,"column":68}},"line":216},"16":{"name":"(anonymous_16)","decl":{"start":{"line":230,"column":12},"end":{"line":230,"column":13}},"loc":{"start":{"line":230,"column":18},"end":{"line":234,"column":3}},"line":230},"17":{"name":"(anonymous_17)","decl":{"start":{"line":236,"column":12},"end":{"line":236,"column":13}},"loc":{"start":{"line":236,"column":18},"end":{"line":239,"column":3}},"line":236},"18":{"name":"(anonymous_18)","decl":{"start":{"line":258,"column":26},"end":{"line":258,"column":27}},"loc":{"start":{"line":259,"column":16},"end":{"line":293,"column":22}},"line":259},"19":{"name":"(anonymous_19)","decl":{"start":{"line":272,"column":68},"end":{"line":272,"column":69}},"loc":{"start":{"line":272,"column":74},"end":{"line":272,"column":105}},"line":272},"20":{"name":"(anonymous_20)","decl":{"start":{"line":283,"column":68},"end":{"line":283,"column":69}},"loc":{"start":{"line":283,"column":74},"end":{"line":283,"column":103}},"line":283},"21":{"name":"(anonymous_21)","decl":{"start":{"line":302,"column":30},"end":{"line":302,"column":31}},"loc":{"start":{"line":302,"column":37},"end":{"line":302,"column":65}},"line":302},"22":{"name":"(anonymous_22)","decl":{"start":{"line":304,"column":32},"end":{"line":304,"column":33}},"loc":{"start":{"line":305,"column":18},"end":{"line":307,"column":27}},"line":305},"23":{"name":"(anonymous_23)","decl":{"start":{"line":340,"column":31},"end":{"line":340,"column":32}},"loc":{"start":{"line":340,"column":50},"end":{"line":340,"column":76}},"line":340},"24":{"name":"(anonymous_24)","decl":{"start":{"line":341,"column":29},"end":{"line":341,"column":30}},"loc":{"start":{"line":341,"column":48},"end":{"line":341,"column":72}},"line":341}},"branchMap":{"0":{"loc":{"start":{"line":20,"column":11},"end":{"line":20,"column":57}},"type":"cond-expr","locations":[{"start":{"line":20,"column":36},"end":{"line":20,"column":50}},{"start":{"line":20,"column":53},"end":{"line":20,"column":57}}],"line":20},"1":{"loc":{"start":{"line":20,"column":11},"end":{"line":20,"column":33}},"type":"binary-expr","locations":[{"start":{"line":20,"column":11},"end":{"line":20,"column":15}},{"start":{"line":20,"column":19},"end":{"line":20,"column":33}}],"line":20},"2":{"loc":{"start":{"line":33,"column":6},"end":{"line":39,"column":7}},"type":"if","locations":[{"start":{"line":33,"column":6},"end":{"line":39,"column":7}},{"start":{"line":36,"column":13},"end":{"line":39,"column":7}}],"line":33},"3":{"loc":{"start":{"line":64,"column":6},"end":{"line":69,"column":7}},"type":"if","locations":[{"start":{"line":64,"column":6},"end":{"line":69,"column":7}},{"start":{"line":66,"column":13},"end":{"line":69,"column":7}}],"line":64},"4":{"loc":{"start":{"line":98,"column":6},"end":{"line":103,"column":7}},"type":"if","locations":[{"start":{"line":98,"column":6},"end":{"line":103,"column":7}},{"start":{"line":100,"column":13},"end":{"line":103,"column":7}}],"line":98},"5":{"loc":{"start":{"line":119,"column":4},"end":{"line":141,"column":5}},"type":"if","locations":[{"start":{"line":119,"column":4},"end":{"line":141,"column":5}},{"start":{"line":139,"column":11},"end":{"line":141,"column":5}}],"line":119},"6":{"loc":{"start":{"line":129,"column":8},"end":{"line":133,"column":9}},"type":"if","locations":[{"start":{"line":129,"column":8},"end":{"line":133,"column":9}},{"start":{"line":131,"column":15},"end":{"line":133,"column":9}}],"line":129},"7":{"loc":{"start":{"line":151,"column":4},"end":{"line":154,"column":5}},"type":"if","locations":[{"start":{"line":151,"column":4},"end":{"line":154,"column":5}},{"start":{},"end":{}}],"line":151},"8":{"loc":{"start":{"line":151,"column":8},"end":{"line":151,"column":36}},"type":"binary-expr","locations":[{"start":{"line":151,"column":8},"end":{"line":151,"column":21}},{"start":{"line":151,"column":25},"end":{"line":151,"column":36}}],"line":151},"9":{"loc":{"start":{"line":186,"column":6},"end":{"line":203,"column":7}},"type":"if","locations":[{"start":{"line":186,"column":6},"end":{"line":203,"column":7}},{"start":{"line":197,"column":13},"end":{"line":203,"column":7}}],"line":186},"10":{"loc":{"start":{"line":214,"column":4},"end":{"line":214,"column":51}},"type":"if","locations":[{"start":{"line":214,"column":4},"end":{"line":214,"column":51}},{"start":{},"end":{}}],"line":214},"11":{"loc":{"start":{"line":214,"column":8},"end":{"line":214,"column":40}},"type":"binary-expr","locations":[{"start":{"line":214,"column":8},"end":{"line":214,"column":16}},{"start":{"line":214,"column":20},"end":{"line":214,"column":40}}],"line":214},"12":{"loc":{"start":{"line":255,"column":13},"end":{"line":297,"column":13}},"type":"cond-expr","locations":[{"start":{"line":256,"column":14},"end":{"line":256,"column":32}},{"start":{"line":257,"column":16},"end":{"line":297,"column":13}}],"line":255},"13":{"loc":{"start":{"line":257,"column":16},"end":{"line":297,"column":13}},"type":"cond-expr","locations":[{"start":{"line":258,"column":14},"end":{"line":294,"column":16}},{"start":{"line":296,"column":14},"end":{"line":296,"column":52}}],"line":257},"14":{"loc":{"start":{"line":303,"column":15},"end":{"line":311,"column":15}},"type":"cond-expr","locations":[{"start":{"line":304,"column":16},"end":{"line":308,"column":18}},{"start":{"line":310,"column":16},"end":{"line":310,"column":64}}],"line":303},"15":{"loc":{"start":{"line":338,"column":15},"end":{"line":344,"column":15}},"type":"binary-expr","locations":[{"start":{"line":338,"column":15},"end":{"line":338,"column":25}},{"start":{"line":339,"column":16},"end":{"line":343,"column":18}}],"line":338}},"s":{"0":2,"1":2,"2":2,"3":6,"4":6,"5":5,"6":5,"7":5,"8":5,"9":5,"10":5,"11":1,"12":5,"13":1,"14":1,"15":1,"16":1,"17":1,"18":1,"19":0,"20":0,"21":0,"22":1,"23":5,"24":0,"25":0,"26":0,"27":0,"28":0,"29":0,"30":0,"31":0,"32":0,"33":0,"34":0,"35":5,"36":0,"37":0,"38":0,"39":0,"40":0,"41":0,"42":0,"43":0,"44":0,"45":0,"46":0,"47":0,"48":5,"49":1,"50":1,"51":1,"52":1,"53":1,"54":1,"55":1,"56":0,"57":0,"58":1,"59":0,"60":5,"61":0,"62":0,"63":0,"64":0,"65":0,"66":0,"67":0,"68":0,"69":5,"70":0,"71":0,"72":0,"73":0,"74":0,"75":0,"76":0,"77":0,"78":0,"79":0,"80":0,"81":0,"82":0,"83":0,"84":0,"85":0,"86":0,"87":0,"88":0,"89":5,"90":17,"91":7,"92":10,"93":40,"94":10,"95":10,"96":10,"97":10,"98":5,"99":1,"100":1,"101":5,"102":2,"103":2,"104":5,"105":12,"106":0,"107":0,"108":0,"109":37,"110":0,"111":0},"f":{"0":6,"1":1,"2":1,"3":0,"4":0,"5":0,"6":0,"7":0,"8":0,"9":0,"10":0,"11":1,"12":0,"13":0,"14":17,"15":40,"16":1,"17":2,"18":12,"19":0,"20":0,"21":0,"22":37,"23":0,"24":0},"b":{"0":[1,0],"1":[1,1],"2":[1,0],"3":[0,0],"4":[0,0],"5":[1,0],"6":[1,0],"7":[0,0],"8":[0,0],"9":[0,0],"10":[7,10],"11":[17,17],"12":[2,3],"13":[3,0],"14":[1,4],"15":[5,0]},"_coverageSchema":"1a1c01bbd47fc00a2c39e90264f33305004495a9","hash":"99553dbd0d6ab4075e0bf8184de5469e2ded99a8"}
}
