{"C:\\Users\\Jeckito Pay\\Documents\\Casadelmaricoweb\\WebMariscoProyecto\\src\\App.js": {"path":"C:\\Users\\Jeckito Pay\\Documents\\Casadelmaricoweb\\WebMariscoProyecto\\src\\App.js","statementMap":{"0":{"start":{"line":49,"column":2},"end":{"line":105,"column":4}}},"fnMap":{"0":{"name":"App","decl":{"start":{"line":48,"column":9},"end":{"line":48,"column":12}},"loc":{"start":{"line":48,"column":15},"end":{"line":106,"column":1}},"line":48}},"branchMap":{},"s":{"0":1},"f":{"0":1},"b":{},"_coverageSchema":"1a1c01bbd47fc00a2c39e90264f33305004495a9","hash":"65c0d237ed14fbfae0844c3c1b115489f3f6c670"}
,"C:\\Users\\Jeckito Pay\\Documents\\Casadelmaricoweb\\WebMariscoProyecto\\src\\components\\ComponentesClave\\FotterNuevo.jsx": {"path":"C:\\Users\\Jeckito Pay\\Documents\\Casadelmaricoweb\\WebMariscoProyecto\\src\\components\\ComponentesClave\\FotterNuevo.jsx","statementMap":{"0":{"start":{"line":7,"column":19},"end":{"line":12,"column":3}},"1":{"start":{"line":14,"column":18},"end":{"line":14,"column":27}},"2":{"start":{"line":15,"column":2},"end":{"line":97,"column":4}},"3":{"start":{"line":73,"column":4},"end":{"line":79,"column":10}}},"fnMap":{"0":{"name":"Footer","decl":{"start":{"line":6,"column":9},"end":{"line":6,"column":15}},"loc":{"start":{"line":6,"column":18},"end":{"line":98,"column":1}},"line":6},"1":{"name":"(anonymous_1)","decl":{"start":{"line":72,"column":16},"end":{"line":72,"column":17}},"loc":{"start":{"line":73,"column":4},"end":{"line":79,"column":10}},"line":73}},"branchMap":{"0":{"loc":{"start":{"line":17,"column":6},"end":{"line":95,"column":7}},"type":"cond-expr","locations":[{"start":{"line":18,"column":8},"end":{"line":19,"column":9}},{"start":{"line":21,"column":8},"end":{"line":94,"column":11}}],"line":17},"1":{"loc":{"start":{"line":17,"column":6},"end":{"line":17,"column":27}},"type":"binary-expr","locations":[{"start":{"line":17,"column":6},"end":{"line":17,"column":10}},{"start":{"line":17,"column":14},"end":{"line":17,"column":27}}],"line":17}},"s":{"0":1,"1":1,"2":1,"3":4},"f":{"0":1,"1":4},"b":{"0":[0,1],"1":[1,0]},"_coverageSchema":"1a1c01bbd47fc00a2c39e90264f33305004495a9","hash":"03554afeb8cac06e82cf04485ebc1c2f033f31b8"}
,"C:\\Users\\Jeckito Pay\\Documents\\Casadelmaricoweb\\WebMariscoProyecto\\src\\components\\Inicio\\Example.js": {"path":"C:\\Users\\Jeckito Pay\\Documents\\Casadelmaricoweb\\WebMariscoProyecto\\src\\components\\Inicio\\Example.js","statementMap":{"0":{"start":{"line":3,"column":14},"end":{"line":56,"column":1}},"1":{"start":{"line":59,"column":2},"end":{"line":107,"column":3}},"2":{"start":{"line":68,"column":14},"end":{"line":101,"column":24}}},"fnMap":{"0":{"name":"Example","decl":{"start":{"line":58,"column":24},"end":{"line":58,"column":31}},"loc":{"start":{"line":58,"column":34},"end":{"line":108,"column":1}},"line":58},"1":{"name":"(anonymous_1)","decl":{"start":{"line":67,"column":23},"end":{"line":67,"column":24}},"loc":{"start":{"line":68,"column":14},"end":{"line":101,"column":24}},"line":68}},"branchMap":{},"s":{"0":1,"1":1,"2":3},"f":{"0":1,"1":3},"b":{},"_coverageSchema":"1a1c01bbd47fc00a2c39e90264f33305004495a9","hash":"bb0d7cd06f509b904e579cc01e28bb3a6ee27789"}
}
