TN:
SF:src\App.js
FN:48,App
FNF:1
FNH:1
FNDA:1,App
DA:49,1
LF:1
LH:1
BRF:0
BRH:0
end_of_record
TN:
SF:src\components\ComponentesClave\FotterNuevo.jsx
FN:6,Footer
FN:72,(anonymous_1)
FNF:2
FNH:2
FNDA:1,Footer
FNDA:4,(anonymous_1)
DA:7,1
DA:14,1
DA:15,1
DA:73,4
LF:4
LH:4
BRDA:17,0,0,0
BRDA:17,0,1,1
BRDA:17,1,0,1
BRDA:17,1,1,0
BRF:4
BRH:2
end_of_record
TN:
SF:src\components\Inicio\Example.js
FN:58,Example
FN:67,(anonymous_1)
FNF:2
FNH:2
FNDA:1,Example
FNDA:3,(anonymous_1)
DA:3,1
DA:59,1
DA:68,3
LF:3
LH:3
BRF:0
BRH:0
end_of_record
