TN:
SF:src\components\Productos\CarritoDetalle.js
FN:9,(anonymous_0)
FN:19,(anonymous_1)
FN:23,(anonymous_2)
FN:49,(anonymous_3)
FN:61,(anonymous_4)
FN:62,(anonymous_5)
FN:71,(anonymous_6)
FN:82,(anonymous_7)
FN:95,(anonymous_8)
FN:96,(anonymous_9)
FN:105,(anonymous_10)
FN:116,(anonymous_11)
FN:145,(anonymous_12)
FN:168,(anonymous_13)
FN:213,(anonymous_14)
FN:216,(anonymous_15)
FN:230,(anonymous_16)
FN:236,(anonymous_17)
FN:258,(anonymous_18)
FN:272,(anonymous_19)
FN:283,(anonymous_20)
FN:302,(anonymous_21)
FN:304,(anonymous_22)
FN:340,(anonymous_23)
FN:341,(anonymous_24)
FNF:25
FNH:10
FNDA:6,(anonymous_0)
FNDA:1,(anonymous_1)
FNDA:1,(anonymous_2)
FNDA:0,(anonymous_3)
FNDA:0,(anonymous_4)
FNDA:0,(anonymous_5)
FNDA:0,(anonymous_6)
FNDA:0,(anonymous_7)
FNDA:0,(anonymous_8)
FNDA:0,(anonymous_9)
FNDA:0,(anonymous_10)
FNDA:1,(anonymous_11)
FNDA:0,(anonymous_12)
FNDA:0,(anonymous_13)
FNDA:17,(anonymous_14)
FNDA:40,(anonymous_15)
FNDA:1,(anonymous_16)
FNDA:2,(anonymous_17)
FNDA:12,(anonymous_18)
FNDA:0,(anonymous_19)
FNDA:0,(anonymous_20)
FNDA:0,(anonymous_21)
FNDA:37,(anonymous_22)
FNDA:0,(anonymous_23)
FNDA:0,(anonymous_24)
DA:6,2
DA:7,2
DA:9,2
DA:10,6
DA:11,6
DA:12,5
DA:13,5
DA:14,5
DA:15,5
DA:17,5
DA:19,5
DA:20,1
DA:23,5
DA:25,1
DA:26,1
DA:32,1
DA:33,1
DA:34,1
DA:35,1
DA:37,0
DA:38,0
DA:42,0
DA:44,1
DA:49,5
DA:50,0
DA:51,0
DA:52,0
DA:54,0
DA:61,0
DA:63,0
DA:64,0
DA:65,0
DA:67,0
DA:72,0
DA:73,0
DA:82,5
DA:83,0
DA:84,0
DA:85,0
DA:86,0
DA:88,0
DA:95,0
DA:97,0
DA:98,0
DA:99,0
DA:101,0
DA:106,0
DA:107,0
DA:116,5
DA:117,1
DA:119,1
DA:120,1
DA:121,1
DA:127,1
DA:129,1
DA:130,1
DA:132,0
DA:135,0
DA:137,1
DA:140,0
DA:145,5
DA:146,0
DA:147,0
DA:148,0
DA:149,0
DA:151,0
DA:152,0
DA:153,0
DA:156,0
DA:168,5
DA:169,0
DA:171,0
DA:172,0
DA:173,0
DA:174,0
DA:175,0
DA:176,0
DA:177,0
DA:184,0
DA:185,0
DA:186,0
DA:187,0
DA:188,0
DA:190,0
DA:196,0
DA:198,0
DA:206,0
DA:207,0
DA:208,0
DA:213,5
DA:214,17
DA:216,40
DA:217,10
DA:218,10
DA:219,10
DA:221,10
DA:230,5
DA:231,1
DA:232,1
DA:236,5
DA:237,2
DA:238,2
DA:242,5
DA:259,12
DA:272,0
DA:283,0
DA:302,0
DA:305,37
DA:340,0
DA:341,0
LF:110
LH:49
BRDA:20,0,0,1
BRDA:20,0,1,0
BRDA:20,1,0,1
BRDA:20,1,1,1
BRDA:33,2,0,1
BRDA:33,2,1,0
BRDA:64,3,0,0
BRDA:64,3,1,0
BRDA:98,4,0,0
BRDA:98,4,1,0
BRDA:119,5,0,1
BRDA:119,5,1,0
BRDA:129,6,0,1
BRDA:129,6,1,0
BRDA:151,7,0,0
BRDA:151,7,1,0
BRDA:151,8,0,0
BRDA:151,8,1,0
BRDA:186,9,0,0
BRDA:186,9,1,0
BRDA:214,10,0,7
BRDA:214,10,1,10
BRDA:214,11,0,17
BRDA:214,11,1,17
BRDA:255,12,0,2
BRDA:255,12,1,3
BRDA:257,13,0,3
BRDA:257,13,1,0
BRDA:303,14,0,1
BRDA:303,14,1,4
BRDA:338,15,0,5
BRDA:338,15,1,0
BRF:32
BRH:16
end_of_record
